#-----------------------------------------------------------
# Vivado v2017.4 (64-bit)
# SW Build 2086221 on Fri Dec 15 20:55:39 MST 2017
# IP Build 2085800 on Fri Dec 15 22:25:07 MST 2017
# Start of session at: Sat Nov 30 16:09:06 2024
# Process ID: 4328
# Current directory: D:/Verilog/DigitalProject
# Command line: vivado.exe -gui_launcher_event rodinguilauncherevent19304 D:\Verilog\DigitalProject\DigitalProject.xpr
# Log file: D:/Verilog/DigitalProject/vivado.log
# Journal file: D:/Verilog/DigitalProject\vivado.jou
#-----------------------------------------------------------
start_gui
open_project D:/Verilog/DigitalProject/DigitalProject.xpr
Scanning sources...
Finished scanning sources
INFO: [IP_Flow 19-234] Refreshing IP repositories
INFO: [IP_Flow 19-1704] No user IP repositories specified
INFO: [IP_Flow 19-2313] Loaded Vivado IP repository 'D:/Xilinx/Vivado/2017.4/data/ip'.
update_compile_order -fileset sources_1
exit
INFO: [Common 17-206] Exiting Vivado at Sat Nov 30 16:09:58 2024...
