
*** Running vivado
    with args -log top_module.vds -m64 -product Vivado -mode batch -messageDb vivado.pb -notrace -source top_module.tcl


****** Vivado v2017.4 (64-bit)
  **** SW Build 2086221 on Fri Dec 15 20:55:39 MST 2017
  **** IP Build 2085800 on Fri Dec 15 22:25:07 MST 2017
    ** Copyright 1986-2017 Xilinx, Inc. All Rights Reserved.

source top_module.tcl -notrace
Command: synth_design -top top_module -part xc7a35tcsg324-1
Starting synth_design
Attempting to get a license for feature 'Synthesis' and/or device 'xc7a35t'
INFO: [Common 17-349] Got license for feature 'Synthesis' and/or device 'xc7a35t'
INFO: Launching helper process for spawning children vivado processes
INFO: Helper process launched with PID 21468 
---------------------------------------------------------------------------------
Starting RTL Elaboration : Time (s): cpu = 00:00:02 ; elapsed = 00:00:05 . Memory (MB): peak = 330.863 ; gain = 100.402
---------------------------------------------------------------------------------
INFO: [Synth 8-638] synthesizing module 'top_module' [C:/Users/48946/Documents/GitHub/Digital-Logic-Project/DigitalProject.srcs/sources_1/new/top_module.v:22]
INFO: [Synth 8-638] synthesizing module 'clock_divider' [C:/Users/48946/Documents/GitHub/Digital-Logic-Project/DigitalProject.srcs/sources_1/new/clock_divider.v:23]
	Parameter period bound to: 100000000 - type: integer 
INFO: [Synth 8-256] done synthesizing module 'clock_divider' (1#1) [C:/Users/48946/Documents/GitHub/Digital-Logic-Project/DigitalProject.srcs/sources_1/new/clock_divider.v:23]
INFO: [Synth 8-638] synthesizing module 'clock_divider_enable' [C:/Users/48946/Documents/GitHub/Digital-Logic-Project/DigitalProject.srcs/sources_1/new/clock_divider_enable.v:23]
	Parameter period bound to: 65536 - type: integer 
INFO: [Synth 8-256] done synthesizing module 'clock_divider_enable' (2#1) [C:/Users/48946/Documents/GitHub/Digital-Logic-Project/DigitalProject.srcs/sources_1/new/clock_divider_enable.v:23]
INFO: [Synth 8-638] synthesizing module 'clock_divider_debounce' [C:/Users/48946/Documents/GitHub/Digital-Logic-Project/DigitalProject.srcs/sources_1/new/clock_divider_debounce.v:22]
	Parameter period bound to: 1000000 - type: integer 
INFO: [Synth 8-256] done synthesizing module 'clock_divider_debounce' (3#1) [C:/Users/48946/Documents/GitHub/Digital-Logic-Project/DigitalProject.srcs/sources_1/new/clock_divider_debounce.v:22]
INFO: [Synth 8-638] synthesizing module 'timer' [C:/Users/48946/Documents/GitHub/Digital-Logic-Project/DigitalProject.srcs/sources_1/new/timer.v:43]
INFO: [Synth 8-256] done synthesizing module 'timer' (4#1) [C:/Users/48946/Documents/GitHub/Digital-Logic-Project/DigitalProject.srcs/sources_1/new/timer.v:43]
INFO: [Synth 8-638] synthesizing module 'seven_segment_display' [C:/Users/48946/Documents/GitHub/Digital-Logic-Project/DigitalProject.srcs/sources_1/new/seven_segment_display.v:1]
WARNING: [Synth 8-3848] Net an in module/entity seven_segment_display does not have driver. [C:/Users/48946/Documents/GitHub/Digital-Logic-Project/DigitalProject.srcs/sources_1/new/seven_segment_display.v:6]
INFO: [Synth 8-256] done synthesizing module 'seven_segment_display' (5#1) [C:/Users/48946/Documents/GitHub/Digital-Logic-Project/DigitalProject.srcs/sources_1/new/seven_segment_display.v:1]
INFO: [Synth 8-638] synthesizing module 'state_machine' [C:/Users/48946/Documents/GitHub/Digital-Logic-Project/DigitalProject.srcs/sources_1/new/state_machine.v:21]
	Parameter on bound to: 1'b1 
	Parameter off bound to: 1'b0 
	Parameter S0 bound to: 3'b000 
	Parameter S1 bound to: 3'b001 
	Parameter S2 bound to: 3'b010 
	Parameter S3 bound to: 3'b011 
	Parameter S4 bound to: 3'b100 
	Parameter wait_period_S3 bound to: 1000 - type: integer 
	Parameter wait_period_clean bound to: 800 - type: integer 
	Parameter DEBOUNCE_THRESHOLD bound to: 4'b0001 
WARNING: [Synth 8-6014] Unused sequential element time_count_S3_reg was removed.  [C:/Users/48946/Documents/GitHub/Digital-Logic-Project/DigitalProject.srcs/sources_1/new/state_machine.v:158]
WARNING: [Synth 8-5788] Register time_count_clean_reg in module state_machine is has both Set and reset with same priority. This may cause simulation mismatches. Consider rewriting code  [C:/Users/48946/Documents/GitHub/Digital-Logic-Project/DigitalProject.srcs/sources_1/new/state_machine.v:163]
INFO: [Synth 8-256] done synthesizing module 'state_machine' (6#1) [C:/Users/48946/Documents/GitHub/Digital-Logic-Project/DigitalProject.srcs/sources_1/new/state_machine.v:21]
INFO: [Synth 8-638] synthesizing module 'lighting_function' [C:/Users/48946/Documents/GitHub/Digital-Logic-Project/DigitalProject.srcs/sources_1/new/lighting_function.v:23]
	Parameter on bound to: 1'b1 
	Parameter off bound to: 1'b0 
INFO: [Synth 8-256] done synthesizing module 'lighting_function' (7#1) [C:/Users/48946/Documents/GitHub/Digital-Logic-Project/DigitalProject.srcs/sources_1/new/lighting_function.v:23]
INFO: [Synth 8-638] synthesizing module 'search_function' [C:/Users/48946/Documents/GitHub/Digital-Logic-Project/DigitalProject.srcs/sources_1/new/search_function.v:23]
	Parameter show_current_time bound to: 2'b00 
	Parameter show_work_time bound to: 2'b01 
INFO: [Synth 8-256] done synthesizing module 'search_function' (8#1) [C:/Users/48946/Documents/GitHub/Digital-Logic-Project/DigitalProject.srcs/sources_1/new/search_function.v:23]
INFO: [Synth 8-638] synthesizing module 'smart_reminder' [C:/Users/48946/DL_project/DL_project.srcs/sources_1/new/smart_remainder.v:23]
	Parameter S0 bound to: 3'b000 
	Parameter S1 bound to: 3'b001 
	Parameter S2 bound to: 3'b010 
	Parameter S3 bound to: 3'b011 
	Parameter S4 bound to: 3'b100 
	Parameter on bound to: 1'b1 
	Parameter off bound to: 1'b0 
INFO: [Synth 8-256] done synthesizing module 'smart_reminder' (9#1) [C:/Users/48946/DL_project/DL_project.srcs/sources_1/new/smart_remainder.v:23]
INFO: [Synth 8-638] synthesizing module 'lcd1602_display' [C:/Users/48946/Documents/GitHub/Digital-Logic-Project/DigitalProject.srcs/sources_1/new/lcd1602_display.v:23]
	Parameter Mode_Set bound to: 8'b00110001 
	Parameter Cursor_Set bound to: 8'b00001100 
	Parameter Address_Set bound to: 8'b00000110 
	Parameter Clear_Set bound to: 8'b00000001 
	Parameter time_limit bound to: 10 - type: integer 
	Parameter S3 bound to: 3'b011 
INFO: [Synth 8-256] done synthesizing module 'lcd1602_display' (10#1) [C:/Users/48946/Documents/GitHub/Digital-Logic-Project/DigitalProject.srcs/sources_1/new/lcd1602_display.v:23]
INFO: [Synth 8-256] done synthesizing module 'top_module' (11#1) [C:/Users/48946/Documents/GitHub/Digital-Logic-Project/DigitalProject.srcs/sources_1/new/top_module.v:22]
WARNING: [Synth 8-3331] design lcd1602_display has unconnected port state_03
WARNING: [Synth 8-3331] design state_machine has unconnected port clk
WARNING: [Synth 8-3331] design seven_segment_display has unconnected port an[5]
WARNING: [Synth 8-3331] design seven_segment_display has unconnected port an[4]
WARNING: [Synth 8-3331] design seven_segment_display has unconnected port an[3]
WARNING: [Synth 8-3331] design seven_segment_display has unconnected port an[2]
WARNING: [Synth 8-3331] design seven_segment_display has unconnected port an[1]
WARNING: [Synth 8-3331] design seven_segment_display has unconnected port an[0]
---------------------------------------------------------------------------------
Finished RTL Elaboration : Time (s): cpu = 00:00:02 ; elapsed = 00:00:05 . Memory (MB): peak = 383.785 ; gain = 153.324
---------------------------------------------------------------------------------

Report Check Netlist: 
+------+------------------+-------+---------+-------+------------------+
|      |Item              |Errors |Warnings |Status |Description       |
+------+------------------+-------+---------+-------+------------------+
|1     |multi_driven_nets |      0|        0|Passed |Multi driven nets |
+------+------------------+-------+---------+-------+------------------+
---------------------------------------------------------------------------------
Finished RTL Optimization Phase 1 : Time (s): cpu = 00:00:02 ; elapsed = 00:00:06 . Memory (MB): peak = 383.785 ; gain = 153.324
---------------------------------------------------------------------------------
INFO: [Device 21-403] Loading part xc7a35tcsg324-1
INFO: [Project 1-570] Preparing netlist for logic optimization

Processing XDC Constraints
Initializing timing engine
Parsing XDC File [C:/Users/48946/Downloads/constrain.xdc]
Finished Parsing XDC File [C:/Users/48946/Downloads/constrain.xdc]
INFO: [Project 1-236] Implementation specific constraints were found while reading constraint file [C:/Users/48946/Downloads/constrain.xdc]. These constraints will be ignored for synthesis but will be used in implementation. Impacted constraints are listed in the file [.Xil/top_module_propImpl.xdc].
Resolution: To avoid this warning, move constraints listed in [.Xil/top_module_propImpl.xdc] to another XDC file and exclude this new file from synthesis with the used_in_synthesis property (File Properties dialog in GUI) and re-run elaboration/synthesis.
Completed Processing XDC Constraints

INFO: [Project 1-111] Unisim Transformation Summary:
No Unisim elements were transformed.

Constraint Validation Runtime : Time (s): cpu = 00:00:00 ; elapsed = 00:00:00.002 . Memory (MB): peak = 714.172 ; gain = 0.000
---------------------------------------------------------------------------------
Finished Constraint Validation : Time (s): cpu = 00:00:06 ; elapsed = 00:00:15 . Memory (MB): peak = 714.172 ; gain = 483.711
---------------------------------------------------------------------------------
---------------------------------------------------------------------------------
Start Loading Part and Timing Information
---------------------------------------------------------------------------------
Loading part: xc7a35tcsg324-1
---------------------------------------------------------------------------------
Finished Loading Part and Timing Information : Time (s): cpu = 00:00:06 ; elapsed = 00:00:15 . Memory (MB): peak = 714.172 ; gain = 483.711
---------------------------------------------------------------------------------
---------------------------------------------------------------------------------
Start Applying 'set_property' XDC Constraints
---------------------------------------------------------------------------------
---------------------------------------------------------------------------------
Finished applying 'set_property' XDC Constraints : Time (s): cpu = 00:00:06 ; elapsed = 00:00:15 . Memory (MB): peak = 714.172 ; gain = 483.711
---------------------------------------------------------------------------------
INFO: [Synth 8-5545] ROM "clk_out" won't be mapped to RAM because address size (28) is larger than maximum supported(25)
INFO: [Synth 8-5546] ROM "clk_out" won't be mapped to RAM because it is too sparse
INFO: [Synth 8-5546] ROM "clk_out" won't be mapped to RAM because it is too sparse
INFO: [Synth 8-5546] ROM "min" won't be mapped to RAM because it is too sparse
INFO: [Synth 8-5546] ROM "hour" won't be mapped to RAM because it is too sparse
INFO: [Synth 8-5544] ROM "seg1" won't be mapped to Block RAM because address size (4) smaller than threshold (5)
INFO: [Synth 8-5544] ROM "seg2" won't be mapped to Block RAM because address size (4) smaller than threshold (5)
INFO: [Synth 8-5544] ROM "seg_map" won't be mapped to Block RAM because address size (4) smaller than threshold (5)
INFO: [Synth 8-5544] ROM "seg_map" won't be mapped to Block RAM because address size (4) smaller than threshold (5)
INFO: [Synth 8-802] inferred FSM for state register 'State_reg' in module 'state_machine'
INFO: [Synth 8-5546] ROM "sec" won't be mapped to RAM because it is too sparse
INFO: [Synth 8-5546] ROM "min" won't be mapped to RAM because it is too sparse
INFO: [Synth 8-5546] ROM "hour" won't be mapped to RAM because it is too sparse
INFO: [Synth 8-5544] ROM "display" won't be mapped to Block RAM because address size (3) smaller than threshold (5)
INFO: [Synth 8-5544] ROM "State" won't be mapped to Block RAM because address size (1) smaller than threshold (5)
INFO: [Synth 8-5544] ROM "State" won't be mapped to Block RAM because address size (1) smaller than threshold (5)
INFO: [Synth 8-5544] ROM "State" won't be mapped to Block RAM because address size (1) smaller than threshold (5)
INFO: [Synth 8-5544] ROM "State" won't be mapped to Block RAM because address size (1) smaller than threshold (5)
WARNING: [Synth 8-6014] Unused sequential element state_01_counter_reg was removed.  [C:/Users/48946/Documents/GitHub/Digital-Logic-Project/DigitalProject.srcs/sources_1/new/state_machine.v:80]
WARNING: [Synth 8-6014] Unused sequential element state_02_counter_reg was removed.  [C:/Users/48946/Documents/GitHub/Digital-Logic-Project/DigitalProject.srcs/sources_1/new/state_machine.v:81]
WARNING: [Synth 8-6014] Unused sequential element state_03_counter_reg was removed.  [C:/Users/48946/Documents/GitHub/Digital-Logic-Project/DigitalProject.srcs/sources_1/new/state_machine.v:82]
WARNING: [Synth 8-6014] Unused sequential element state_clean_counter_reg was removed.  [C:/Users/48946/Documents/GitHub/Digital-Logic-Project/DigitalProject.srcs/sources_1/new/state_machine.v:83]
INFO: [Synth 8-5544] ROM "reminder" won't be mapped to Block RAM because address size (3) smaller than threshold (5)
INFO: [Synth 8-802] inferred FSM for state register 'state_reg' in module 'lcd1602_display'
INFO: [Synth 8-5545] ROM "cnt1" won't be mapped to RAM because address size (32) is larger than maximum supported(25)
INFO: [Synth 8-5545] ROM "lcd_clk_en" won't be mapped to RAM because address size (32) is larger than maximum supported(25)
INFO: [Synth 8-5545] ROM "cnt" won't be mapped to RAM because address size (32) is larger than maximum supported(25)
INFO: [Synth 8-5587] ROM size for "lcd_rs" is below threshold of ROM address width. It will be mapped to LUTs
INFO: [Synth 8-5546] ROM "lcd_en" won't be mapped to RAM because it is too sparse
WARNING: [Synth 8-6014] Unused sequential element time_count_reg was removed.  [C:/Users/48946/Documents/GitHub/Digital-Logic-Project/DigitalProject.srcs/sources_1/new/lcd1602_display.v:52]
WARNING: [Synth 8-327] inferring latch for variable 'seg1_reg' [C:/Users/48946/Documents/GitHub/Digital-Logic-Project/DigitalProject.srcs/sources_1/new/seven_segment_display.v:25]
WARNING: [Synth 8-327] inferring latch for variable 'seg2_reg' [C:/Users/48946/Documents/GitHub/Digital-Logic-Project/DigitalProject.srcs/sources_1/new/seven_segment_display.v:29]
---------------------------------------------------------------------------------------------------
                   State |                     New Encoding |                Previous Encoding 
---------------------------------------------------------------------------------------------------
                      S0 |                              000 |                              000
                      S3 |                              001 |                              011
                      S2 |                              010 |                              010
                      S1 |                              011 |                              001
                      S4 |                              100 |                              100
---------------------------------------------------------------------------------------------------
INFO: [Synth 8-3354] encoded FSM with state register 'State_reg' using encoding 'sequential' in module 'state_machine'
---------------------------------------------------------------------------------------------------
                   State |                     New Encoding |                Previous Encoding 
---------------------------------------------------------------------------------------------------
                  iSTATE |         000000000000000000000001 |                            00000
                 iSTATE0 |         000000000000000000000010 |                            00001
                 iSTATE1 |         000000000000000000000100 |                            00010
                 iSTATE2 |         000000000000000000001000 |                            00011
                 iSTATE3 |         000000000000000000010000 |                            00100
                 iSTATE4 |         000000000000000000100000 |                            00101
                 iSTATE5 |         000000000000000001000000 |                            00110
                 iSTATE6 |         000000000000000010000000 |                            00111
                 iSTATE7 |         000000000000000100000000 |                            01000
                 iSTATE8 |         000000000000001000000000 |                            01001
                 iSTATE9 |         000000000000010000000000 |                            01010
                iSTATE10 |         000000000000100000000000 |                            01011
                iSTATE11 |         000000000001000000000000 |                            01100
                iSTATE12 |         000000000010000000000000 |                            01101
                iSTATE13 |         000000000100000000000000 |                            01110
                iSTATE14 |         000000001000000000000000 |                            01111
                iSTATE15 |         000000010000000000000000 |                            10000
                iSTATE16 |         000000100000000000000000 |                            10001
                iSTATE17 |         000001000000000000000000 |                            10010
                iSTATE18 |         000010000000000000000000 |                            10011
                iSTATE19 |         000100000000000000000000 |                            10100
                iSTATE20 |         001000000000000000000000 |                            10101
                iSTATE21 |         010000000000000000000000 |                            10110
                iSTATE22 |         100000000000000000000000 |                            10111
---------------------------------------------------------------------------------------------------
INFO: [Synth 8-3354] encoded FSM with state register 'state_reg' using encoding 'one-hot' in module 'lcd1602_display'
---------------------------------------------------------------------------------
Finished RTL Optimization Phase 2 : Time (s): cpu = 00:00:07 ; elapsed = 00:00:16 . Memory (MB): peak = 714.172 ; gain = 483.711
---------------------------------------------------------------------------------

Report RTL Partitions: 
+-+--------------+------------+----------+
| |RTL Partition |Replication |Instances |
+-+--------------+------------+----------+
+-+--------------+------------+----------+
---------------------------------------------------------------------------------
Start RTL Component Statistics 
---------------------------------------------------------------------------------
Detailed RTL Component Info : 
+---Adders : 
	   2 Input     32 Bit       Adders := 3     
	   3 Input     32 Bit       Adders := 1     
	   2 Input     28 Bit       Adders := 1     
	   2 Input     25 Bit       Adders := 2     
	   2 Input     10 Bit       Adders := 1     
	   2 Input      8 Bit       Adders := 4     
	   2 Input      6 Bit       Adders := 6     
	   2 Input      4 Bit       Adders := 5     
+---Registers : 
	               32 Bit    Registers := 3     
	               28 Bit    Registers := 1     
	               25 Bit    Registers := 2     
	               10 Bit    Registers := 1     
	                8 Bit    Registers := 3     
	                6 Bit    Registers := 6     
	                5 Bit    Registers := 1     
	                4 Bit    Registers := 5     
	                1 Bit    Registers := 18    
+---Muxes : 
	   2 Input     32 Bit        Muxes := 7     
	   7 Input     32 Bit        Muxes := 1     
	   2 Input     28 Bit        Muxes := 1     
	   2 Input     25 Bit        Muxes := 2     
	  24 Input     24 Bit        Muxes := 1     
	   2 Input     18 Bit        Muxes := 2     
	   2 Input     10 Bit        Muxes := 1     
	   5 Input     10 Bit        Muxes := 1     
	  11 Input      8 Bit        Muxes := 2     
	   2 Input      8 Bit        Muxes := 5     
	   7 Input      8 Bit        Muxes := 2     
	  24 Input      8 Bit        Muxes := 1     
	   2 Input      6 Bit        Muxes := 12    
	   8 Input      6 Bit        Muxes := 1     
	   5 Input      5 Bit        Muxes := 1     
	   2 Input      5 Bit        Muxes := 1     
	   2 Input      4 Bit        Muxes := 5     
	   5 Input      3 Bit        Muxes := 1     
	  22 Input      3 Bit        Muxes := 1     
	   2 Input      1 Bit        Muxes := 48    
	   7 Input      1 Bit        Muxes := 2     
	   5 Input      1 Bit        Muxes := 8     
	   3 Input      1 Bit        Muxes := 1     
	  24 Input      1 Bit        Muxes := 4     
---------------------------------------------------------------------------------
Finished RTL Component Statistics 
---------------------------------------------------------------------------------
---------------------------------------------------------------------------------
Start RTL Hierarchical Component Statistics 
---------------------------------------------------------------------------------
Hierarchical RTL Component report 
Module top_module 
Detailed RTL Component Info : 
+---Adders : 
	   2 Input     32 Bit       Adders := 1     
	   2 Input      4 Bit       Adders := 1     
+---Registers : 
	               32 Bit    Registers := 1     
	                4 Bit    Registers := 1     
	                1 Bit    Registers := 3     
+---Muxes : 
	   2 Input     32 Bit        Muxes := 4     
	   8 Input      6 Bit        Muxes := 1     
	   2 Input      4 Bit        Muxes := 1     
	   2 Input      1 Bit        Muxes := 1     
Module clock_divider 
Detailed RTL Component Info : 
+---Adders : 
	   2 Input     28 Bit       Adders := 1     
+---Registers : 
	               28 Bit    Registers := 1     
	                1 Bit    Registers := 1     
+---Muxes : 
	   2 Input     28 Bit        Muxes := 1     
	   2 Input      1 Bit        Muxes := 1     
Module clock_divider_enable 
Detailed RTL Component Info : 
+---Adders : 
	   2 Input     25 Bit       Adders := 1     
+---Registers : 
	               25 Bit    Registers := 1     
	                1 Bit    Registers := 1     
+---Muxes : 
	   2 Input     25 Bit        Muxes := 1     
	   2 Input      1 Bit        Muxes := 1     
Module clock_divider_debounce 
Detailed RTL Component Info : 
+---Adders : 
	   2 Input     25 Bit       Adders := 1     
+---Registers : 
	               25 Bit    Registers := 1     
	                1 Bit    Registers := 1     
+---Muxes : 
	   2 Input     25 Bit        Muxes := 1     
	   2 Input      1 Bit        Muxes := 1     
Module timer 
Detailed RTL Component Info : 
+---Adders : 
	   2 Input      6 Bit       Adders := 3     
+---Registers : 
	                6 Bit    Registers := 3     
+---Muxes : 
	   2 Input      6 Bit        Muxes := 3     
	   2 Input      1 Bit        Muxes := 3     
Module seven_segment_display 
Detailed RTL Component Info : 
+---Muxes : 
	   2 Input     32 Bit        Muxes := 1     
	   7 Input     32 Bit        Muxes := 1     
	  11 Input      8 Bit        Muxes := 2     
	   2 Input      8 Bit        Muxes := 2     
	   7 Input      8 Bit        Muxes := 2     
	   2 Input      1 Bit        Muxes := 2     
	   7 Input      1 Bit        Muxes := 2     
Module state_machine 
Detailed RTL Component Info : 
+---Adders : 
	   2 Input     10 Bit       Adders := 1     
	   2 Input      8 Bit       Adders := 1     
	   2 Input      6 Bit       Adders := 3     
	   2 Input      4 Bit       Adders := 4     
+---Registers : 
	               10 Bit    Registers := 1     
	                8 Bit    Registers := 1     
	                6 Bit    Registers := 3     
	                5 Bit    Registers := 1     
	                4 Bit    Registers := 4     
	                1 Bit    Registers := 7     
+---Muxes : 
	   2 Input     10 Bit        Muxes := 1     
	   5 Input     10 Bit        Muxes := 1     
	   2 Input      8 Bit        Muxes := 3     
	   2 Input      6 Bit        Muxes := 9     
	   5 Input      5 Bit        Muxes := 1     
	   2 Input      5 Bit        Muxes := 1     
	   2 Input      4 Bit        Muxes := 4     
	   5 Input      3 Bit        Muxes := 1     
	  22 Input      3 Bit        Muxes := 1     
	   2 Input      1 Bit        Muxes := 38    
	   5 Input      1 Bit        Muxes := 8     
Module search_function 
Detailed RTL Component Info : 
+---Muxes : 
	   2 Input     18 Bit        Muxes := 2     
Module smart_reminder 
Detailed RTL Component Info : 
+---Registers : 
	                1 Bit    Registers := 1     
+---Muxes : 
	   3 Input      1 Bit        Muxes := 1     
Module lcd1602_display 
Detailed RTL Component Info : 
+---Adders : 
	   2 Input     32 Bit       Adders := 2     
	   3 Input     32 Bit       Adders := 1     
	   2 Input      8 Bit       Adders := 3     
+---Registers : 
	               32 Bit    Registers := 2     
	                8 Bit    Registers := 2     
	                1 Bit    Registers := 4     
+---Muxes : 
	   2 Input     32 Bit        Muxes := 2     
	  24 Input     24 Bit        Muxes := 1     
	  24 Input      8 Bit        Muxes := 1     
	   2 Input      1 Bit        Muxes := 1     
	  24 Input      1 Bit        Muxes := 4     
---------------------------------------------------------------------------------
Finished RTL Hierarchical Component Statistics
---------------------------------------------------------------------------------
---------------------------------------------------------------------------------
Start Part Resource Summary
---------------------------------------------------------------------------------
Part Resources:
DSPs: 90 (col length:60)
BRAMs: 100 (col length: RAMB18 60 RAMB36 30)
---------------------------------------------------------------------------------
Finished Part Resource Summary
---------------------------------------------------------------------------------
---------------------------------------------------------------------------------
Start Cross Boundary and Area Optimization
---------------------------------------------------------------------------------
INFO: [Synth 8-5545] ROM "clk_out" won't be mapped to RAM because address size (28) is larger than maximum supported(25)
INFO: [Synth 8-5546] ROM "clk_out" won't be mapped to RAM because it is too sparse
INFO: [Synth 8-5546] ROM "clk_out" won't be mapped to RAM because it is too sparse
WARNING: [Synth 8-6014] Unused sequential element state_clean_counter_reg was removed.  [C:/Users/48946/Documents/GitHub/Digital-Logic-Project/DigitalProject.srcs/sources_1/new/state_machine.v:83]
WARNING: [Synth 8-6014] Unused sequential element state_03_counter_reg was removed.  [C:/Users/48946/Documents/GitHub/Digital-Logic-Project/DigitalProject.srcs/sources_1/new/state_machine.v:82]
WARNING: [Synth 8-6014] Unused sequential element state_02_counter_reg was removed.  [C:/Users/48946/Documents/GitHub/Digital-Logic-Project/DigitalProject.srcs/sources_1/new/state_machine.v:81]
WARNING: [Synth 8-6014] Unused sequential element state_01_counter_reg was removed.  [C:/Users/48946/Documents/GitHub/Digital-Logic-Project/DigitalProject.srcs/sources_1/new/state_machine.v:80]
INFO: [Synth 8-5545] ROM "cnt1" won't be mapped to RAM because address size (32) is larger than maximum supported(25)
INFO: [Synth 8-5545] ROM "cnt" won't be mapped to RAM because address size (32) is larger than maximum supported(25)
INFO: [Synth 8-5545] ROM "lcd_clk_en" won't be mapped to RAM because address size (32) is larger than maximum supported(25)
WARNING: [Synth 8-6014] Unused sequential element time_count_reg was removed.  [C:/Users/48946/Documents/GitHub/Digital-Logic-Project/DigitalProject.srcs/sources_1/new/lcd1602_display.v:52]
WARNING: [Synth 8-3331] design lcd1602_display has unconnected port state_03
WARNING: [Synth 8-3331] design state_machine has unconnected port clk
WARNING: [Synth 8-3331] design seven_segment_display has unconnected port an[5]
WARNING: [Synth 8-3331] design seven_segment_display has unconnected port an[4]
WARNING: [Synth 8-3331] design seven_segment_display has unconnected port an[3]
WARNING: [Synth 8-3331] design seven_segment_display has unconnected port an[2]
WARNING: [Synth 8-3331] design seven_segment_display has unconnected port an[1]
WARNING: [Synth 8-3331] design seven_segment_display has unconnected port an[0]
INFO: [Synth 8-3333] propagating constant 0 across sequential element (\display_inst/seg2_reg[0] )
INFO: [Synth 8-3333] propagating constant 0 across sequential element (\display_inst/seg1_reg[0] )
WARNING: [Synth 8-3332] Sequential element (display_inst/seg1_reg[0]) is unused and will be removed from module top_module.
WARNING: [Synth 8-3332] Sequential element (display_inst/seg2_reg[0]) is unused and will be removed from module top_module.
---------------------------------------------------------------------------------
Finished Cross Boundary and Area Optimization : Time (s): cpu = 00:00:08 ; elapsed = 00:00:20 . Memory (MB): peak = 714.172 ; gain = 483.711
---------------------------------------------------------------------------------

Report RTL Partitions: 
+-+--------------+------------+----------+
| |RTL Partition |Replication |Instances |
+-+--------------+------------+----------+
+-+--------------+------------+----------+
---------------------------------------------------------------------------------
Start Applying XDC Timing Constraints
---------------------------------------------------------------------------------
---------------------------------------------------------------------------------
Finished Applying XDC Timing Constraints : Time (s): cpu = 00:00:11 ; elapsed = 00:00:27 . Memory (MB): peak = 729.934 ; gain = 499.473
---------------------------------------------------------------------------------
---------------------------------------------------------------------------------
Start Timing Optimization
---------------------------------------------------------------------------------
---------------------------------------------------------------------------------
Finished Timing Optimization : Time (s): cpu = 00:00:11 ; elapsed = 00:00:27 . Memory (MB): peak = 730.828 ; gain = 500.367
---------------------------------------------------------------------------------

Report RTL Partitions: 
+-+--------------+------------+----------+
| |RTL Partition |Replication |Instances |
+-+--------------+------------+----------+
+-+--------------+------------+----------+
---------------------------------------------------------------------------------
Start Technology Mapping
---------------------------------------------------------------------------------
---------------------------------------------------------------------------------
Finished Technology Mapping : Time (s): cpu = 00:00:11 ; elapsed = 00:00:27 . Memory (MB): peak = 765.344 ; gain = 534.883
---------------------------------------------------------------------------------

Report RTL Partitions: 
+-+--------------+------------+----------+
| |RTL Partition |Replication |Instances |
+-+--------------+------------+----------+
+-+--------------+------------+----------+
---------------------------------------------------------------------------------
Start IO Insertion
---------------------------------------------------------------------------------
---------------------------------------------------------------------------------
Start Flattening Before IO Insertion
---------------------------------------------------------------------------------
---------------------------------------------------------------------------------
Finished Flattening Before IO Insertion
---------------------------------------------------------------------------------
---------------------------------------------------------------------------------
Start Final Netlist Cleanup
---------------------------------------------------------------------------------
---------------------------------------------------------------------------------
Finished Final Netlist Cleanup
---------------------------------------------------------------------------------
---------------------------------------------------------------------------------
Finished IO Insertion : Time (s): cpu = 00:00:11 ; elapsed = 00:00:28 . Memory (MB): peak = 765.344 ; gain = 534.883
---------------------------------------------------------------------------------

Report Check Netlist: 
+------+------------------+-------+---------+-------+------------------+
|      |Item              |Errors |Warnings |Status |Description       |
+------+------------------+-------+---------+-------+------------------+
|1     |multi_driven_nets |      0|        0|Passed |Multi driven nets |
+------+------------------+-------+---------+-------+------------------+
---------------------------------------------------------------------------------
Start Renaming Generated Instances
---------------------------------------------------------------------------------
---------------------------------------------------------------------------------
Finished Renaming Generated Instances : Time (s): cpu = 00:00:11 ; elapsed = 00:00:28 . Memory (MB): peak = 765.344 ; gain = 534.883
---------------------------------------------------------------------------------

Report RTL Partitions: 
+-+--------------+------------+----------+
| |RTL Partition |Replication |Instances |
+-+--------------+------------+----------+
+-+--------------+------------+----------+
---------------------------------------------------------------------------------
Start Rebuilding User Hierarchy
---------------------------------------------------------------------------------
---------------------------------------------------------------------------------
Finished Rebuilding User Hierarchy : Time (s): cpu = 00:00:11 ; elapsed = 00:00:28 . Memory (MB): peak = 765.344 ; gain = 534.883
---------------------------------------------------------------------------------
---------------------------------------------------------------------------------
Start Renaming Generated Ports
---------------------------------------------------------------------------------
---------------------------------------------------------------------------------
Finished Renaming Generated Ports : Time (s): cpu = 00:00:11 ; elapsed = 00:00:28 . Memory (MB): peak = 765.344 ; gain = 534.883
---------------------------------------------------------------------------------
---------------------------------------------------------------------------------
Start Handling Custom Attributes
---------------------------------------------------------------------------------
---------------------------------------------------------------------------------
Finished Handling Custom Attributes : Time (s): cpu = 00:00:11 ; elapsed = 00:00:28 . Memory (MB): peak = 765.344 ; gain = 534.883
---------------------------------------------------------------------------------
---------------------------------------------------------------------------------
Start Renaming Generated Nets
---------------------------------------------------------------------------------
---------------------------------------------------------------------------------
Finished Renaming Generated Nets : Time (s): cpu = 00:00:11 ; elapsed = 00:00:28 . Memory (MB): peak = 765.344 ; gain = 534.883
---------------------------------------------------------------------------------
---------------------------------------------------------------------------------
Start Writing Synthesis Report
---------------------------------------------------------------------------------

Report BlackBoxes: 
+-+--------------+----------+
| |BlackBox name |Instances |
+-+--------------+----------+
+-+--------------+----------+

Report Cell Usage: 
+------+-------+------+
|      |Cell   |Count |
+------+-------+------+
|1     |BUFG   |     2|
|2     |CARRY4 |   121|
|3     |LUT1   |    30|
|4     |LUT2   |   194|
|5     |LUT3   |   123|
|6     |LUT4   |   259|
|7     |LUT5   |    96|
|8     |LUT6   |   171|
|9     |MUXF7  |     1|
|10    |FDCE   |   192|
|11    |FDPE   |     1|
|12    |FDRE   |   120|
|13    |FDSE   |     1|
|14    |LD     |    14|
|15    |IBUF   |    12|
|16    |OBUF   |    44|
+------+-------+------+

Report Instance Areas: 
+------+----------------+-----------------------+------+
|      |Instance        |Module                 |Cells |
+------+----------------+-----------------------+------+
|1     |top             |                       |  1381|
|2     |  clk_de_inst   |clock_divider_debounce |    65|
|3     |  clk_div_inst  |clock_divider          |    72|
|4     |  clk_en_inst   |clock_divider_enable   |    65|
|5     |  display_inst  |seven_segment_display  |    18|
|6     |  lcd_inst      |lcd1602_display        |   690|
|7     |  reminder_inst |smart_reminder         |     5|
|8     |  state_dut     |state_machine          |   255|
|9     |  timer_inst    |timer                  |    40|
+------+----------------+-----------------------+------+
---------------------------------------------------------------------------------
Finished Writing Synthesis Report : Time (s): cpu = 00:00:11 ; elapsed = 00:00:28 . Memory (MB): peak = 765.344 ; gain = 534.883
---------------------------------------------------------------------------------
Synthesis finished with 0 errors, 0 critical warnings and 22 warnings.
Synthesis Optimization Runtime : Time (s): cpu = 00:00:07 ; elapsed = 00:00:23 . Memory (MB): peak = 765.344 ; gain = 204.496
Synthesis Optimization Complete : Time (s): cpu = 00:00:11 ; elapsed = 00:00:28 . Memory (MB): peak = 765.344 ; gain = 534.883
INFO: [Project 1-571] Translating synthesized netlist
INFO: [Netlist 29-17] Analyzing 148 Unisim elements for replacement
INFO: [Netlist 29-28] Unisim Transformation completed in 0 CPU seconds
INFO: [Project 1-570] Preparing netlist for logic optimization
INFO: [Opt 31-138] Pushed 0 inverter(s) to 0 load pin(s).
INFO: [Project 1-111] Unisim Transformation Summary:
  A total of 14 instances were transformed.
  LD => LDCE: 14 instances

INFO: [Common 17-83] Releasing license: Synthesis
69 Infos, 33 Warnings, 0 Critical Warnings and 0 Errors encountered.
synth_design completed successfully
synth_design: Time (s): cpu = 00:00:12 ; elapsed = 00:00:32 . Memory (MB): peak = 765.344 ; gain = 540.047
INFO: [Common 17-1381] The checkpoint 'C:/Users/48946/Documents/GitHub/Digital-Logic-Project/DigitalProject.runs/synth_1/top_module.dcp' has been generated.
INFO: [runtcl-4] Executing : report_utilization -file top_module_utilization_synth.rpt -pb top_module_utilization_synth.pb
report_utilization: Time (s): cpu = 00:00:00 ; elapsed = 00:00:00.024 . Memory (MB): peak = 765.344 ; gain = 0.000
INFO: [Common 17-206] Exiting Vivado at Sun Dec  8 23:42:14 2024...
